<?xml version="1.0" encoding="UTF-8"?>
<!-- Generated by org.testng.reporters.JUnitReportReporter -->
<testsuite hostname="Mahadys-MBP.lan" failures="0" tests="2" name="testNgExample.ExpectedExceptionAttribute" time="0.015" errors="0" timestamp="2024-06-11T07:01:22 EDT" skipped="0">
  <testcase classname="testNgExample.ExpectedExceptionAttribute" name="testMethod" time="0.013"/>
  <system-out/>
  <testcase classname="testNgExample.ExpectedExceptionAttribute" name="testMethod2" time="0.002"/>
  <system-out/>
</testsuite> <!-- testNgExample.ExpectedExceptionAttribute -->
