<?xml version="1.0" encoding="UTF-8"?>
<!-- Generated by org.testng.reporters.JUnitReportReporter -->
<testsuite hostname="Mahadys-MBP.lan" failures="0" tests="2" name="faceBookTest.LoginTest" time="1.176" errors="0" timestamp="2024-06-29T17:35:47 EDT" skipped="0">
  <testcase classname="faceBookTest.LoginTest" name="VerifyApplicationUrl" time="0.313"/>
  <system-out/>
  <testcase classname="faceBookTest.LoginTest" name="VerifyApplicationLogin" time="0.863"/>
  <system-out/>
</testsuite> <!-- faceBookTest.LoginTest -->
