<?xml version="1.0" encoding="UTF-8"?>
<!-- Generated by org.testng.reporters.JUnitReportReporter -->
<testsuite hostname="Mahadys-MBP.lan" failures="0" tests="3" name="testNgExample.GroupAttributeExample" time="0.018" errors="0" timestamp="2024-06-11T06:59:44 EDT" skipped="0">
  <testcase classname="testNgExample.GroupAttributeExample" name="test1" time="0.015"/>
  <system-out/>
  <testcase classname="testNgExample.GroupAttributeExample" name="test3" time="0.001"/>
  <system-out/>
  <testcase classname="testNgExample.GroupAttributeExample" name="test2" time="0.002"/>
  <system-out/>
</testsuite> <!-- testNgExample.GroupAttributeExample -->
