<?xml version="1.0" encoding="UTF-8"?>
<!-- Generated by org.testng.reporters.JUnitReportReporter -->
<testsuite hostname="Mahadys-MBP.lan" failures="0" tests="1" name="testNgExample.NewTestDemo1" time="0.012" errors="0" timestamp="2024-06-09T11:21:23 EDT" skipped="0">
  <testcase classname="testNgExample.NewTestDemo1" name="f" time="0.012"/>
  <system-out/>
</testsuite> <!-- testNgExample.NewTestDemo1 -->
